<?xml version="1.0" encoding="UTF-8"?>
<testsuite xmlns:xsi="http://www.w3.org/2001/XMLSchema-instance" xsi:noNamespaceSchemaLocation="https://maven.apache.org/surefire/maven-surefire-plugin/xsd/surefire-test-report.xsd" name="com.redis.demo.DemoApplicationTests" time="7.923" tests="1" errors="0" skipped="0" failures="0">
  <properties>
    <property name="sun.desktop" value="windows"/>
    <property name="awt.toolkit" value="sun.awt.windows.WToolkit"/>
    <property name="file.encoding.pkg" value="sun.io"/>
    <property name="java.specification.version" value="1.8"/>
    <property name="sun.cpu.isalist" value="amd64"/>
    <property name="sun.jnu.encoding" value="GBK"/>
    <property name="java.class.path" value="E:\reids\springboot-redis\target\test-classes;E:\reids\springboot-redis\target\classes;D:\Plugins\maven\apache-maven-3.3.9-bin\apache-maven-3.3.9\repository\org\springframework\boot\spring-boot-starter\2.0.5.RELEASE\spring-boot-starter-2.0.5.RELEASE.jar;D:\Plugins\maven\apache-maven-3.3.9-bin\apache-maven-3.3.9\repository\org\springframework\boot\spring-boot\2.0.5.RELEASE\spring-boot-2.0.5.RELEASE.jar;D:\Plugins\maven\apache-maven-3.3.9-bin\apache-maven-3.3.9\repository\org\springframework\spring-context\5.0.9.RELEASE\spring-context-5.0.9.RELEASE.jar;D:\Plugins\maven\apache-maven-3.3.9-bin\apache-maven-3.3.9\repository\org\springframework\spring-beans\5.0.9.RELEASE\spring-beans-5.0.9.RELEASE.jar;D:\Plugins\maven\apache-maven-3.3.9-bin\apache-maven-3.3.9\repository\org\springframework\spring-expression\5.0.9.RELEASE\spring-expression-5.0.9.RELEASE.jar;D:\Plugins\maven\apache-maven-3.3.9-bin\apache-maven-3.3.9\repository\org\springframework\boot\spring-boot-autoconfigure\2.0.5.RELEASE\spring-boot-autoconfigure-2.0.5.RELEASE.jar;D:\Plugins\maven\apache-maven-3.3.9-bin\apache-maven-3.3.9\repository\org\springframework\boot\spring-boot-starter-logging\2.0.5.RELEASE\spring-boot-starter-logging-2.0.5.RELEASE.jar;D:\Plugins\maven\apache-maven-3.3.9-bin\apache-maven-3.3.9\repository\ch\qos\logback\logback-classic\1.2.3\logback-classic-1.2.3.jar;D:\Plugins\maven\apache-maven-3.3.9-bin\apache-maven-3.3.9\repository\ch\qos\logback\logback-core\1.2.3\logback-core-1.2.3.jar;D:\Plugins\maven\apache-maven-3.3.9-bin\apache-maven-3.3.9\repository\org\apache\logging\log4j\log4j-to-slf4j\2.10.0\log4j-to-slf4j-2.10.0.jar;D:\Plugins\maven\apache-maven-3.3.9-bin\apache-maven-3.3.9\repository\org\apache\logging\log4j\log4j-api\2.10.0\log4j-api-2.10.0.jar;D:\Plugins\maven\apache-maven-3.3.9-bin\apache-maven-3.3.9\repository\org\slf4j\jul-to-slf4j\1.7.25\jul-to-slf4j-1.7.25.jar;D:\Plugins\maven\apache-maven-3.3.9-bin\apache-maven-3.3.9\repository\javax\annotation\javax.annotation-api\1.3.2\javax.annotation-api-1.3.2.jar;D:\Plugins\maven\apache-maven-3.3.9-bin\apache-maven-3.3.9\repository\org\springframework\spring-core\5.0.9.RELEASE\spring-core-5.0.9.RELEASE.jar;D:\Plugins\maven\apache-maven-3.3.9-bin\apache-maven-3.3.9\repository\org\springframework\spring-jcl\5.0.9.RELEASE\spring-jcl-5.0.9.RELEASE.jar;D:\Plugins\maven\apache-maven-3.3.9-bin\apache-maven-3.3.9\repository\org\yaml\snakeyaml\1.19\snakeyaml-1.19.jar;D:\Plugins\maven\apache-maven-3.3.9-bin\apache-maven-3.3.9\repository\org\springframework\boot\spring-boot-starter-test\2.0.5.RELEASE\spring-boot-starter-test-2.0.5.RELEASE.jar;D:\Plugins\maven\apache-maven-3.3.9-bin\apache-maven-3.3.9\repository\org\springframework\boot\spring-boot-test\2.0.5.RELEASE\spring-boot-test-2.0.5.RELEASE.jar;D:\Plugins\maven\apache-maven-3.3.9-bin\apache-maven-3.3.9\repository\org\springframework\boot\spring-boot-test-autoconfigure\2.0.5.RELEASE\spring-boot-test-autoconfigure-2.0.5.RELEASE.jar;D:\Plugins\maven\apache-maven-3.3.9-bin\apache-maven-3.3.9\repository\com\jayway\jsonpath\json-path\2.4.0\json-path-2.4.0.jar;D:\Plugins\maven\apache-maven-3.3.9-bin\apache-maven-3.3.9\repository\net\minidev\json-smart\2.3\json-smart-2.3.jar;D:\Plugins\maven\apache-maven-3.3.9-bin\apache-maven-3.3.9\repository\net\minidev\accessors-smart\1.2\accessors-smart-1.2.jar;D:\Plugins\maven\apache-maven-3.3.9-bin\apache-maven-3.3.9\repository\org\ow2\asm\asm\5.0.4\asm-5.0.4.jar;D:\Plugins\maven\apache-maven-3.3.9-bin\apache-maven-3.3.9\repository\org\slf4j\slf4j-api\1.7.25\slf4j-api-1.7.25.jar;D:\Plugins\maven\apache-maven-3.3.9-bin\apache-maven-3.3.9\repository\junit\junit\4.12\junit-4.12.jar;D:\Plugins\maven\apache-maven-3.3.9-bin\apache-maven-3.3.9\repository\org\assertj\assertj-core\3.9.1\assertj-core-3.9.1.jar;D:\Plugins\maven\apache-maven-3.3.9-bin\apache-maven-3.3.9\repository\org\mockito\mockito-core\2.15.0\mockito-core-2.15.0.jar;D:\Plugins\maven\apache-maven-3.3.9-bin\apache-maven-3.3.9\repository\net\bytebuddy\byte-buddy\1.7.11\byte-buddy-1.7.11.jar;D:\Plugins\maven\apache-maven-3.3.9-bin\apache-maven-3.3.9\repository\net\bytebuddy\byte-buddy-agent\1.7.11\byte-buddy-agent-1.7.11.jar;D:\Plugins\maven\apache-maven-3.3.9-bin\apache-maven-3.3.9\repository\org\objenesis\objenesis\2.6\objenesis-2.6.jar;D:\Plugins\maven\apache-maven-3.3.9-bin\apache-maven-3.3.9\repository\org\hamcrest\hamcrest-core\1.3\hamcrest-core-1.3.jar;D:\Plugins\maven\apache-maven-3.3.9-bin\apache-maven-3.3.9\repository\org\hamcrest\hamcrest-library\1.3\hamcrest-library-1.3.jar;D:\Plugins\maven\apache-maven-3.3.9-bin\apache-maven-3.3.9\repository\org\skyscreamer\jsonassert\1.5.0\jsonassert-1.5.0.jar;D:\Plugins\maven\apache-maven-3.3.9-bin\apache-maven-3.3.9\repository\com\vaadin\external\google\android-json\0.0.20131108.vaadin1\android-json-0.0.20131108.vaadin1.jar;D:\Plugins\maven\apache-maven-3.3.9-bin\apache-maven-3.3.9\repository\org\springframework\spring-test\5.0.9.RELEASE\spring-test-5.0.9.RELEASE.jar;D:\Plugins\maven\apache-maven-3.3.9-bin\apache-maven-3.3.9\repository\org\xmlunit\xmlunit-core\2.5.1\xmlunit-core-2.5.1.jar;D:\Plugins\maven\apache-maven-3.3.9-bin\apache-maven-3.3.9\repository\org\springframework\boot\spring-boot-starter-data-redis\2.0.5.RELEASE\spring-boot-starter-data-redis-2.0.5.RELEASE.jar;D:\Plugins\maven\apache-maven-3.3.9-bin\apache-maven-3.3.9\repository\org\springframework\data\spring-data-redis\2.0.10.RELEASE\spring-data-redis-2.0.10.RELEASE.jar;D:\Plugins\maven\apache-maven-3.3.9-bin\apache-maven-3.3.9\repository\org\springframework\data\spring-data-keyvalue\2.0.10.RELEASE\spring-data-keyvalue-2.0.10.RELEASE.jar;D:\Plugins\maven\apache-maven-3.3.9-bin\apache-maven-3.3.9\repository\org\springframework\data\spring-data-commons\2.0.10.RELEASE\spring-data-commons-2.0.10.RELEASE.jar;D:\Plugins\maven\apache-maven-3.3.9-bin\apache-maven-3.3.9\repository\org\springframework\spring-tx\5.0.9.RELEASE\spring-tx-5.0.9.RELEASE.jar;D:\Plugins\maven\apache-maven-3.3.9-bin\apache-maven-3.3.9\repository\org\springframework\spring-oxm\5.0.9.RELEASE\spring-oxm-5.0.9.RELEASE.jar;D:\Plugins\maven\apache-maven-3.3.9-bin\apache-maven-3.3.9\repository\org\springframework\spring-aop\5.0.9.RELEASE\spring-aop-5.0.9.RELEASE.jar;D:\Plugins\maven\apache-maven-3.3.9-bin\apache-maven-3.3.9\repository\org\springframework\spring-context-support\5.0.9.RELEASE\spring-context-support-5.0.9.RELEASE.jar;D:\Plugins\maven\apache-maven-3.3.9-bin\apache-maven-3.3.9\repository\io\lettuce\lettuce-core\5.0.5.RELEASE\lettuce-core-5.0.5.RELEASE.jar;D:\Plugins\maven\apache-maven-3.3.9-bin\apache-maven-3.3.9\repository\io\projectreactor\reactor-core\3.1.9.RELEASE\reactor-core-3.1.9.RELEASE.jar;D:\Plugins\maven\apache-maven-3.3.9-bin\apache-maven-3.3.9\repository\org\reactivestreams\reactive-streams\1.0.2\reactive-streams-1.0.2.jar;D:\Plugins\maven\apache-maven-3.3.9-bin\apache-maven-3.3.9\repository\io\netty\netty-common\4.1.29.Final\netty-common-4.1.29.Final.jar;D:\Plugins\maven\apache-maven-3.3.9-bin\apache-maven-3.3.9\repository\io\netty\netty-transport\4.1.29.Final\netty-transport-4.1.29.Final.jar;D:\Plugins\maven\apache-maven-3.3.9-bin\apache-maven-3.3.9\repository\io\netty\netty-buffer\4.1.29.Final\netty-buffer-4.1.29.Final.jar;D:\Plugins\maven\apache-maven-3.3.9-bin\apache-maven-3.3.9\repository\io\netty\netty-resolver\4.1.29.Final\netty-resolver-4.1.29.Final.jar;D:\Plugins\maven\apache-maven-3.3.9-bin\apache-maven-3.3.9\repository\io\netty\netty-handler\4.1.29.Final\netty-handler-4.1.29.Final.jar;D:\Plugins\maven\apache-maven-3.3.9-bin\apache-maven-3.3.9\repository\io\netty\netty-codec\4.1.29.Final\netty-codec-4.1.29.Final.jar;"/>
    <property name="java.vm.vendor" value="Oracle Corporation"/>
    <property name="sun.arch.data.model" value="64"/>
    <property name="user.variant" value=""/>
    <property name="java.vendor.url" value="http://java.oracle.com/"/>
    <property name="user.timezone" value=""/>
    <property name="java.vm.specification.version" value="1.8"/>
    <property name="os.name" value="Windows 7"/>
    <property name="user.country" value="CN"/>
    <property name="sun.java.launcher" value="SUN_STANDARD"/>
    <property name="sun.boot.library.path" value="D:\Program Files\Java8\jre\bin"/>
    <property name="sun.java.command" value="C:\Users\LLS\AppData\Local\Temp\surefire7726619178679725987\surefirebooter9164308836286588129.jar C:\Users\LLS\AppData\Local\Temp\surefire7726619178679725987 2018-09-19T09-38-27_755-jvmRun1 surefire3776739484875539245tmp surefire_07930402758694117491tmp"/>
    <property name="surefire.test.class.path" value="E:\reids\springboot-redis\target\test-classes;E:\reids\springboot-redis\target\classes;D:\Plugins\maven\apache-maven-3.3.9-bin\apache-maven-3.3.9\repository\org\springframework\boot\spring-boot-starter\2.0.5.RELEASE\spring-boot-starter-2.0.5.RELEASE.jar;D:\Plugins\maven\apache-maven-3.3.9-bin\apache-maven-3.3.9\repository\org\springframework\boot\spring-boot\2.0.5.RELEASE\spring-boot-2.0.5.RELEASE.jar;D:\Plugins\maven\apache-maven-3.3.9-bin\apache-maven-3.3.9\repository\org\springframework\spring-context\5.0.9.RELEASE\spring-context-5.0.9.RELEASE.jar;D:\Plugins\maven\apache-maven-3.3.9-bin\apache-maven-3.3.9\repository\org\springframework\spring-beans\5.0.9.RELEASE\spring-beans-5.0.9.RELEASE.jar;D:\Plugins\maven\apache-maven-3.3.9-bin\apache-maven-3.3.9\repository\org\springframework\spring-expression\5.0.9.RELEASE\spring-expression-5.0.9.RELEASE.jar;D:\Plugins\maven\apache-maven-3.3.9-bin\apache-maven-3.3.9\repository\org\springframework\boot\spring-boot-autoconfigure\2.0.5.RELEASE\spring-boot-autoconfigure-2.0.5.RELEASE.jar;D:\Plugins\maven\apache-maven-3.3.9-bin\apache-maven-3.3.9\repository\org\springframework\boot\spring-boot-starter-logging\2.0.5.RELEASE\spring-boot-starter-logging-2.0.5.RELEASE.jar;D:\Plugins\maven\apache-maven-3.3.9-bin\apache-maven-3.3.9\repository\ch\qos\logback\logback-classic\1.2.3\logback-classic-1.2.3.jar;D:\Plugins\maven\apache-maven-3.3.9-bin\apache-maven-3.3.9\repository\ch\qos\logback\logback-core\1.2.3\logback-core-1.2.3.jar;D:\Plugins\maven\apache-maven-3.3.9-bin\apache-maven-3.3.9\repository\org\apache\logging\log4j\log4j-to-slf4j\2.10.0\log4j-to-slf4j-2.10.0.jar;D:\Plugins\maven\apache-maven-3.3.9-bin\apache-maven-3.3.9\repository\org\apache\logging\log4j\log4j-api\2.10.0\log4j-api-2.10.0.jar;D:\Plugins\maven\apache-maven-3.3.9-bin\apache-maven-3.3.9\repository\org\slf4j\jul-to-slf4j\1.7.25\jul-to-slf4j-1.7.25.jar;D:\Plugins\maven\apache-maven-3.3.9-bin\apache-maven-3.3.9\repository\javax\annotation\javax.annotation-api\1.3.2\javax.annotation-api-1.3.2.jar;D:\Plugins\maven\apache-maven-3.3.9-bin\apache-maven-3.3.9\repository\org\springframework\spring-core\5.0.9.RELEASE\spring-core-5.0.9.RELEASE.jar;D:\Plugins\maven\apache-maven-3.3.9-bin\apache-maven-3.3.9\repository\org\springframework\spring-jcl\5.0.9.RELEASE\spring-jcl-5.0.9.RELEASE.jar;D:\Plugins\maven\apache-maven-3.3.9-bin\apache-maven-3.3.9\repository\org\yaml\snakeyaml\1.19\snakeyaml-1.19.jar;D:\Plugins\maven\apache-maven-3.3.9-bin\apache-maven-3.3.9\repository\org\springframework\boot\spring-boot-starter-test\2.0.5.RELEASE\spring-boot-starter-test-2.0.5.RELEASE.jar;D:\Plugins\maven\apache-maven-3.3.9-bin\apache-maven-3.3.9\repository\org\springframework\boot\spring-boot-test\2.0.5.RELEASE\spring-boot-test-2.0.5.RELEASE.jar;D:\Plugins\maven\apache-maven-3.3.9-bin\apache-maven-3.3.9\repository\org\springframework\boot\spring-boot-test-autoconfigure\2.0.5.RELEASE\spring-boot-test-autoconfigure-2.0.5.RELEASE.jar;D:\Plugins\maven\apache-maven-3.3.9-bin\apache-maven-3.3.9\repository\com\jayway\jsonpath\json-path\2.4.0\json-path-2.4.0.jar;D:\Plugins\maven\apache-maven-3.3.9-bin\apache-maven-3.3.9\repository\net\minidev\json-smart\2.3\json-smart-2.3.jar;D:\Plugins\maven\apache-maven-3.3.9-bin\apache-maven-3.3.9\repository\net\minidev\accessors-smart\1.2\accessors-smart-1.2.jar;D:\Plugins\maven\apache-maven-3.3.9-bin\apache-maven-3.3.9\repository\org\ow2\asm\asm\5.0.4\asm-5.0.4.jar;D:\Plugins\maven\apache-maven-3.3.9-bin\apache-maven-3.3.9\repository\org\slf4j\slf4j-api\1.7.25\slf4j-api-1.7.25.jar;D:\Plugins\maven\apache-maven-3.3.9-bin\apache-maven-3.3.9\repository\junit\junit\4.12\junit-4.12.jar;D:\Plugins\maven\apache-maven-3.3.9-bin\apache-maven-3.3.9\repository\org\assertj\assertj-core\3.9.1\assertj-core-3.9.1.jar;D:\Plugins\maven\apache-maven-3.3.9-bin\apache-maven-3.3.9\repository\org\mockito\mockito-core\2.15.0\mockito-core-2.15.0.jar;D:\Plugins\maven\apache-maven-3.3.9-bin\apache-maven-3.3.9\repository\net\bytebuddy\byte-buddy\1.7.11\byte-buddy-1.7.11.jar;D:\Plugins\maven\apache-maven-3.3.9-bin\apache-maven-3.3.9\repository\net\bytebuddy\byte-buddy-agent\1.7.11\byte-buddy-agent-1.7.11.jar;D:\Plugins\maven\apache-maven-3.3.9-bin\apache-maven-3.3.9\repository\org\objenesis\objenesis\2.6\objenesis-2.6.jar;D:\Plugins\maven\apache-maven-3.3.9-bin\apache-maven-3.3.9\repository\org\hamcrest\hamcrest-core\1.3\hamcrest-core-1.3.jar;D:\Plugins\maven\apache-maven-3.3.9-bin\apache-maven-3.3.9\repository\org\hamcrest\hamcrest-library\1.3\hamcrest-library-1.3.jar;D:\Plugins\maven\apache-maven-3.3.9-bin\apache-maven-3.3.9\repository\org\skyscreamer\jsonassert\1.5.0\jsonassert-1.5.0.jar;D:\Plugins\maven\apache-maven-3.3.9-bin\apache-maven-3.3.9\repository\com\vaadin\external\google\android-json\0.0.20131108.vaadin1\android-json-0.0.20131108.vaadin1.jar;D:\Plugins\maven\apache-maven-3.3.9-bin\apache-maven-3.3.9\repository\org\springframework\spring-test\5.0.9.RELEASE\spring-test-5.0.9.RELEASE.jar;D:\Plugins\maven\apache-maven-3.3.9-bin\apache-maven-3.3.9\repository\org\xmlunit\xmlunit-core\2.5.1\xmlunit-core-2.5.1.jar;D:\Plugins\maven\apache-maven-3.3.9-bin\apache-maven-3.3.9\repository\org\springframework\boot\spring-boot-starter-data-redis\2.0.5.RELEASE\spring-boot-starter-data-redis-2.0.5.RELEASE.jar;D:\Plugins\maven\apache-maven-3.3.9-bin\apache-maven-3.3.9\repository\org\springframework\data\spring-data-redis\2.0.10.RELEASE\spring-data-redis-2.0.10.RELEASE.jar;D:\Plugins\maven\apache-maven-3.3.9-bin\apache-maven-3.3.9\repository\org\springframework\data\spring-data-keyvalue\2.0.10.RELEASE\spring-data-keyvalue-2.0.10.RELEASE.jar;D:\Plugins\maven\apache-maven-3.3.9-bin\apache-maven-3.3.9\repository\org\springframework\data\spring-data-commons\2.0.10.RELEASE\spring-data-commons-2.0.10.RELEASE.jar;D:\Plugins\maven\apache-maven-3.3.9-bin\apache-maven-3.3.9\repository\org\springframework\spring-tx\5.0.9.RELEASE\spring-tx-5.0.9.RELEASE.jar;D:\Plugins\maven\apache-maven-3.3.9-bin\apache-maven-3.3.9\repository\org\springframework\spring-oxm\5.0.9.RELEASE\spring-oxm-5.0.9.RELEASE.jar;D:\Plugins\maven\apache-maven-3.3.9-bin\apache-maven-3.3.9\repository\org\springframework\spring-aop\5.0.9.RELEASE\spring-aop-5.0.9.RELEASE.jar;D:\Plugins\maven\apache-maven-3.3.9-bin\apache-maven-3.3.9\repository\org\springframework\spring-context-support\5.0.9.RELEASE\spring-context-support-5.0.9.RELEASE.jar;D:\Plugins\maven\apache-maven-3.3.9-bin\apache-maven-3.3.9\repository\io\lettuce\lettuce-core\5.0.5.RELEASE\lettuce-core-5.0.5.RELEASE.jar;D:\Plugins\maven\apache-maven-3.3.9-bin\apache-maven-3.3.9\repository\io\projectreactor\reactor-core\3.1.9.RELEASE\reactor-core-3.1.9.RELEASE.jar;D:\Plugins\maven\apache-maven-3.3.9-bin\apache-maven-3.3.9\repository\org\reactivestreams\reactive-streams\1.0.2\reactive-streams-1.0.2.jar;D:\Plugins\maven\apache-maven-3.3.9-bin\apache-maven-3.3.9\repository\io\netty\netty-common\4.1.29.Final\netty-common-4.1.29.Final.jar;D:\Plugins\maven\apache-maven-3.3.9-bin\apache-maven-3.3.9\repository\io\netty\netty-transport\4.1.29.Final\netty-transport-4.1.29.Final.jar;D:\Plugins\maven\apache-maven-3.3.9-bin\apache-maven-3.3.9\repository\io\netty\netty-buffer\4.1.29.Final\netty-buffer-4.1.29.Final.jar;D:\Plugins\maven\apache-maven-3.3.9-bin\apache-maven-3.3.9\repository\io\netty\netty-resolver\4.1.29.Final\netty-resolver-4.1.29.Final.jar;D:\Plugins\maven\apache-maven-3.3.9-bin\apache-maven-3.3.9\repository\io\netty\netty-handler\4.1.29.Final\netty-handler-4.1.29.Final.jar;D:\Plugins\maven\apache-maven-3.3.9-bin\apache-maven-3.3.9\repository\io\netty\netty-codec\4.1.29.Final\netty-codec-4.1.29.Final.jar;"/>
    <property name="sun.cpu.endian" value="little"/>
    <property name="user.home" value="C:\Users\LLS"/>
    <property name="user.language" value="zh"/>
    <property name="java.specification.vendor" value="Oracle Corporation"/>
    <property name="java.home" value="D:\Program Files\Java8\jre"/>
    <property name="basedir" value="E:\reids\springboot-redis"/>
    <property name="file.separator" value="\"/>
    <property name="line.separator" value="&#10;"/>
    <property name="java.vm.specification.vendor" value="Oracle Corporation"/>
    <property name="java.specification.name" value="Java Platform API Specification"/>
    <property name="java.awt.graphicsenv" value="sun.awt.Win32GraphicsEnvironment"/>
    <property name="surefire.real.class.path" value="C:\Users\LLS\AppData\Local\Temp\surefire7726619178679725987\surefirebooter9164308836286588129.jar"/>
    <property name="sun.boot.class.path" value="D:\Program Files\Java8\jre\lib\resources.jar;D:\Program Files\Java8\jre\lib\rt.jar;D:\Program Files\Java8\jre\lib\sunrsasign.jar;D:\Program Files\Java8\jre\lib\jsse.jar;D:\Program Files\Java8\jre\lib\jce.jar;D:\Program Files\Java8\jre\lib\charsets.jar;D:\Program Files\Java8\jre\lib\jfr.jar;D:\Program Files\Java8\jre\classes"/>
    <property name="user.script" value=""/>
    <property name="sun.management.compiler" value="HotSpot 64-Bit Tiered Compilers"/>
    <property name="java.runtime.version" value="1.8.0_162-b12"/>
    <property name="user.name" value="LLS"/>
    <property name="path.separator" value=";"/>
    <property name="os.version" value="6.1"/>
    <property name="java.endorsed.dirs" value="D:\Program Files\Java8\jre\lib\endorsed"/>
    <property name="java.runtime.name" value="Java(TM) SE Runtime Environment"/>
    <property name="file.encoding" value="GBK"/>
    <property name="java.vm.name" value="Java HotSpot(TM) 64-Bit Server VM"/>
    <property name="localRepository" value="D:\Plugins\maven\apache-maven-3.3.9-bin\apache-maven-3.3.9\repository"/>
    <property name="java.vendor.url.bug" value="http://bugreport.sun.com/bugreport/"/>
    <property name="java.io.tmpdir" value="C:\Users\LLS\AppData\Local\Temp\"/>
    <property name="java.version" value="1.8.0_162"/>
    <property name="user.dir" value="E:\reids\springboot-redis"/>
    <property name="os.arch" value="amd64"/>
    <property name="java.vm.specification.name" value="Java Virtual Machine Specification"/>
    <property name="java.awt.printerjob" value="sun.awt.windows.WPrinterJob"/>
    <property name="sun.os.patch.level" value="Service Pack 1"/>
    <property name="java.library.path" value="D:\Program Files\Java8\jre\bin;C:\Windows\Sun\Java\bin;C:\Windows\system32;C:\Windows;C:\ProgramData\Oracle\Java\javapath;D:\Program Files\Ruby24-x64\bin;C:\Perl64\site\bin;C:\Perl64\bin;C:\Python27\;C:\Python27\Scripts;C:\Windows\system32;C:\Windows;C:\Windows\System32\Wbem;C:\Windows\System32\WindowsPowerShell\v1.0\;D:\Program Files\Java8\bin;D:\Plugins\maven\apache-maven-3.3.9-bin\apache-maven-3.3.9\bin;D:\eltaxxSearch\elasticsearch-2.3.5\elasticsearch-2.3.5\bin;D:\Program Files\erl8.3\bin;D:\Program Files\RabbitMQ Server\rabbitmq_server-3.6.9\sbin;C:\Program Files (x86)\Microsoft SQL Server\90\Tools\binn\;C:\Perl64\bin;D:\Program Files\Git\cmd;C:\cygwin64\bin;C:\cygwin64\usr\sbin;D:\Program Files\TortoiseSVN\bin;D:\Program Files\nodejs\;E:\Go\bin;C:\Users\LLS\AppData\Roaming\npm;E:\Go_Work\bin;."/>
    <property name="java.vm.info" value="mixed mode"/>
    <property name="java.vendor" value="Oracle Corporation"/>
    <property name="java.vm.version" value="25.162-b12"/>
    <property name="java.ext.dirs" value="D:\Program Files\Java8\jre\lib\ext;C:\Windows\Sun\Java\lib\ext"/>
    <property name="sun.io.unicode.encoding" value="UnicodeLittle"/>
    <property name="java.class.version" value="52.0"/>
  </properties>
  <testcase name="contextLoads" classname="com.redis.demo.DemoApplicationTests" time="0.108"/>
</testsuite>